[INFO] 01:28:42:22 Team.log/(9278:9278): 1
[INFO] 01:28:43:46 Team.log/(9278:9278): 1
[INFO] 01:28:43:49 Team.log/(9278:9278): 1
[INFO] 01:28:43:49 Team.log/(9278:9278): 1
[INFO] 01:28:43:49 Team.log/(9278:9278): 1
[INFO] 01:28:43:49 Team.log/(9278:9278): 1
[INFO] 01:28:43:49 Team.log/(9278:9278): 1
[INFO] 01:28:43:50 Team.log/(9278:9278): 1
[INFO] 01:28:43:50 Team.log/(9278:9278): 1
[INFO] 01:28:43:50 Team.log/(9278:9278): 1
[INFO] 01:28:43:50 Team.log/(9278:9278): 1
[INFO] 01:28:43:51 Team.log/(9278:9278): 1
[INFO] 01:44:22:162 Team.log/(9981:9982): Obteniendo los Entrenadores
[TRACE] 01:57:00:127 Team.log/(10243:10244): Obteniendo los Entrenadores
[INFO] 02:12:25:349 Team.log/(10711:10738): Obteniendo los Entrenadores
[INFO] 02:12:38:635 Team.log/(10711:10738): Escuchando conexiones
[INFO] 02:13:44:863 Team.log/(10823:10832): Obteniendo los Entrenadores
[INFO] 02:13:56:55 Team.log/(10823:10832): Escuchando conexiones
[INFO] 02:17:51:878 Team.log/(10944:10954): Obteniendo los Entrenadores
[INFO] 02:18:12:967 Team.log/(10944:10954): Escuchando conexiones
[INFO] 02:21:28:917 Team.log/(11064:11073): Obteniendo los Entrenadores
[INFO] 02:21:41:733 Team.log/(11064:11073): Escuchando conexiones
[INFO] 16:46:02:355 Team.log/(6622:6652): Obteniendo los Entrenadores
[INFO] 16:46:02:361 Team.log/(6622:6652): Escuchando conexiones
[INFO] 16:46:03:154 Team.log/(6622:6641): Obteniendo los Entrenadores
[INFO] 16:48:24:61 Team.log/(6771:6801): Obteniendo los Entrenadores
[INFO] 16:48:24:61 Team.log/(6771:6801): Escuchando conexiones
[INFO] 16:48:24:65 Team.log/(6771:6800): Obteniendo los Entrenadores
[INFO] 16:48:24:65 Team.log/(6771:6800): Escuchando conexiones
[INFO] 16:56:06:712 Team.log/(7038:7062): Obteniendo los Entrenadores
[INFO] 16:56:06:712 Team.log/(7038:7062): Escuchando conexiones
[INFO] 16:56:07:720 Team.log/(7038:7061): Obteniendo los Entrenadores
[INFO] 16:56:15:724 Team.log/(7038:7061): Escuchando conexiones
[INFO] 16:57:39:68 Team.log/(7155:7174): Obteniendo los Entrenadores
[INFO] 16:57:39:69 Team.log/(7155:7174): Escuchando conexiones
[INFO] 16:57:39:342 Team.log/(7155:7173): Obteniendo los Entrenadores
[INFO] 16:57:39:342 Team.log/(7155:7173): Escuchando conexiones
[INFO] 16:57:42:9 Team.log/(7155:7173): metodo handshake_cliente recibió: 6
[INFO] 16:57:42:9 Team.log/(7155:7173): Servidor o Cliente aceptado.
[INFO] 16:57:42:9 Team.log/(7155:7173): Handshake recibido: Broker
[INFO] 17:01:32:695 Team.log/(7369:7389): Obteniendo los Entrenadores
[INFO] 17:01:32:695 Team.log/(7369:7389): Escuchando conexiones
[INFO] 17:01:32:710 Team.log/(7369:7388): Obteniendo los Entrenadores
[INFO] 17:01:32:710 Team.log/(7369:7388): Escuchando conexiones
[INFO] 17:01:43:60 Team.log/(7369:7388): metodo handshake_cliente recibió: 6
[INFO] 17:01:43:60 Team.log/(7369:7388): Servidor o Cliente aceptado.
[INFO] 17:01:43:60 Team.log/(7369:7388): Handshake recibido: Broker
[INFO] 17:05:39:983 Team.log/(7618:7639): Obteniendo los Entrenadores
[INFO] 17:05:39:983 Team.log/(7618:7639): Escuchando conexiones
[INFO] 17:05:39:993 Team.log/(7618:7638): Obteniendo los Entrenadores
[INFO] 17:05:39:993 Team.log/(7618:7638): Escuchando conexiones
[INFO] 17:05:49:924 Team.log/(7618:7638): metodo handshake_cliente recibió: 6
[INFO] 17:05:49:924 Team.log/(7618:7638): Servidor o Cliente aceptado.
[INFO] 17:05:49:924 Team.log/(7618:7638): Handshake recibido: Broker
[INFO] 17:06:16:62 Team.log/(7618:7638): aplicar_protocolo_recibir -> recibió el HEAD #7
[INFO] 17:06:16:62 Team.log/(7618:7638): aplicar_protocolo_recibir -> recibió un tamaño de -> 12
[INFO] 17:06:16:62 Team.log/(7618:7638): aplicar_protocolo_recibir -> comienza a deserealizar
[INFO] 17:07:42:774 Team.log/(7618:7638): metodo handshake_cliente recibió: 6
[INFO] 17:07:42:774 Team.log/(7618:7638): Servidor o Cliente aceptado.
[INFO] 17:07:42:774 Team.log/(7618:7638): Handshake recibido: Broker
[INFO] 17:07:57:467 Team.log/(7618:7638): aplicar_protocolo_recibir -> recibió el HEAD #7
[INFO] 17:07:58:7 Team.log/(7618:7638): aplicar_protocolo_recibir -> recibió un tamaño de -> 12
[INFO] 17:07:58:260 Team.log/(7618:7638): aplicar_protocolo_recibir -> comienza a deserealizar
